<?xml version="1.0" encoding="UTF-8"?>
<testng-results ignored="4" total="14" passed="9" failed="1" skipped="0">
  <reporter-output>
  </reporter-output>
  <suite started-at="2020-09-08T07:06:40Z" name="Woolies Test" finished-at="2020-09-08T07:06:59Z" duration-ms="18851">
    <groups>
    </groups>
    <test started-at="2020-09-08T07:06:40Z" name="WooliesTest" finished-at="2020-09-08T07:06:59Z" duration-ms="18851">
      <class name="org.calender.testcases.ScheduleEventsScreenTest">
        <test-method signature="verifyElementsPresent()[pri:0, instance:org.calender.testcases.ScheduleEventsScreenTest@7ff2a664]" started-at="2020-09-08T07:06:48Z" name="verifyElementsPresent" finished-at="2020-09-08T07:06:50Z" duration-ms="1157" status="PASS">
          <reporter-output>
          </reporter-output>
        </test-method> <!-- verifyElementsPresent -->
        <test-method signature="enterMeetingTitle()[pri:0, instance:org.calender.testcases.ScheduleEventsScreenTest@7ff2a664]" started-at="2020-09-08T07:06:50Z" name="enterMeetingTitle" finished-at="2020-09-08T07:06:50Z" duration-ms="575" status="PASS">
          <reporter-output>
          </reporter-output>
        </test-method> <!-- enterMeetingTitle -->
        <test-method signature="setRecurringDate()[pri:0, instance:org.calender.testcases.ScheduleEventsScreenTest@7ff2a664]" started-at="2020-09-08T07:06:50Z" name="setRecurringDate" finished-at="2020-09-08T07:06:57Z" duration-ms="7122" status="FAIL">
          <exception class="java.lang.AssertionError">
            <message>
              <![CDATA[expected [Repeats weekly on Mon, Wed, Fri] but found [Repeats weekly on Mon, Wed, Fr]]]>
            </message>
            <full-stacktrace>
              <![CDATA[java.lang.AssertionError: expected [Repeats weekly on Mon, Wed, Fri] but found [Repeats weekly on Mon, Wed, Fr]
at org.testng.Assert.fail(Assert.java:96)
at org.testng.Assert.failNotEquals(Assert.java:776)
at org.testng.Assert.assertEqualsImpl(Assert.java:137)
at org.testng.Assert.assertEquals(Assert.java:118)
at org.testng.Assert.assertEquals(Assert.java:453)
at org.testng.Assert.assertEquals(Assert.java:463)
at org.calender.Screens.ScheduleEventsScreen.enterReccuringDays(ScheduleEventsScreen.java:50)
at org.calender.testcases.ScheduleEventsScreenTest.setRecurringDate(ScheduleEventsScreenTest.java:29)
at java.base/jdk.internal.reflect.NativeMethodAccessorImpl.invoke0(Native Method)
at java.base/jdk.internal.reflect.NativeMethodAccessorImpl.invoke(NativeMethodAccessorImpl.java:62)
at java.base/jdk.internal.reflect.DelegatingMethodAccessorImpl.invoke(DelegatingMethodAccessorImpl.java:43)
at java.base/java.lang.reflect.Method.invoke(Method.java:564)
at org.testng.internal.MethodInvocationHelper.invokeMethod(MethodInvocationHelper.java:124)
at org.testng.internal.Invoker.invokeMethod(Invoker.java:583)
at org.testng.internal.Invoker.invokeTestMethod(Invoker.java:719)
at org.testng.internal.Invoker.invokeTestMethods(Invoker.java:989)
at org.testng.internal.TestMethodWorker.invokeTestMethods(TestMethodWorker.java:125)
at org.testng.internal.TestMethodWorker.run(TestMethodWorker.java:109)
at org.testng.TestRunner.privateRun(TestRunner.java:648)
at org.testng.TestRunner.run(TestRunner.java:505)
at org.testng.SuiteRunner.runTest(SuiteRunner.java:455)
at org.testng.SuiteRunner.runSequentially(SuiteRunner.java:450)
at org.testng.SuiteRunner.privateRun(SuiteRunner.java:415)
at org.testng.SuiteRunner.run(SuiteRunner.java:364)
at org.testng.SuiteRunnerWorker.runSuite(SuiteRunnerWorker.java:52)
at org.testng.SuiteRunnerWorker.run(SuiteRunnerWorker.java:84)
at org.testng.TestNG.runSuitesSequentially(TestNG.java:1208)
at org.testng.TestNG.runSuitesLocally(TestNG.java:1137)
at org.testng.TestNG.runSuites(TestNG.java:1049)
at org.testng.TestNG.run(TestNG.java:1017)
at org.apache.maven.surefire.testng.TestNGExecutor.run(TestNGExecutor.java:284)
at org.apache.maven.surefire.testng.TestNGXmlTestSuite.execute(TestNGXmlTestSuite.java:75)
at org.apache.maven.surefire.testng.TestNGProvider.invoke(TestNGProvider.java:119)
at org.apache.maven.surefire.booter.ForkedBooter.runSuitesInProcess(ForkedBooter.java:428)
at org.apache.maven.surefire.booter.ForkedBooter.execute(ForkedBooter.java:162)
at org.apache.maven.surefire.booter.ForkedBooter.run(ForkedBooter.java:562)
at org.apache.maven.surefire.booter.ForkedBooter.main(ForkedBooter.java:548)
]]>
            </full-stacktrace>
          </exception> <!-- java.lang.AssertionError -->
          <reporter-output>
          </reporter-output>
        </test-method> <!-- setRecurringDate -->
        <test-method signature="invitePeople(java.lang.String)[pri:0, instance:org.calender.testcases.ScheduleEventsScreenTest@7ff2a664]" started-at="2020-09-08T07:06:58Z" name="invitePeople" data-provider="data-provider" finished-at="2020-09-08T07:06:58Z" duration-ms="79" status="PASS">
          <params>
            <param index="0">
              <value>
                <![CDATA[testone@gmail.com]]>
              </value>
            </param>
          </params>
          <reporter-output>
          </reporter-output>
        </test-method> <!-- invitePeople -->
        <test-method signature="invitePeople(java.lang.String)[pri:0, instance:org.calender.testcases.ScheduleEventsScreenTest@7ff2a664]" started-at="2020-09-08T07:06:58Z" name="invitePeople" data-provider="data-provider" finished-at="2020-09-08T07:06:59Z" duration-ms="1058" status="PASS">
          <params>
            <param index="0">
              <value>
                <![CDATA[testtwo@gmail.com]]>
              </value>
            </param>
          </params>
          <reporter-output>
          </reporter-output>
        </test-method> <!-- invitePeople -->
        <test-method signature="saveInvite()[pri:0, instance:org.calender.testcases.ScheduleEventsScreenTest@7ff2a664]" started-at="2020-09-08T07:06:59Z" name="saveInvite" finished-at="2020-09-08T07:06:59Z" duration-ms="543" status="PASS">
          <reporter-output>
          </reporter-output>
        </test-method> <!-- saveInvite -->
      </class> <!-- org.calender.testcases.ScheduleEventsScreenTest -->
      <class name="org.calender.testcases.LaunchScreenTest">
        <test-method is-config="true" signature="setUp()[pri:0, instance:org.calender.testcases.LaunchScreenTest@3d36e4cd]" started-at="2020-09-08T07:06:35Z" name="setUp" finished-at="2020-09-08T07:06:40Z" duration-ms="5287" status="PASS">
          <reporter-output>
          </reporter-output>
        </test-method> <!-- setUp -->
        <test-method signature="moveToNextScreen()[pri:0, instance:org.calender.testcases.LaunchScreenTest@3d36e4cd]" started-at="2020-09-08T07:06:41Z" name="moveToNextScreen" finished-at="2020-09-08T07:06:43Z" duration-ms="2159" status="PASS">
          <reporter-output>
          </reporter-output>
        </test-method> <!-- moveToNextScreen -->
        <test-method signature="gotItTest()[pri:0, instance:org.calender.testcases.LaunchScreenTest@3d36e4cd]" started-at="2020-09-08T07:06:43Z" name="gotItTest" finished-at="2020-09-08T07:06:44Z" duration-ms="1121" status="PASS">
          <reporter-output>
          </reporter-output>
        </test-method> <!-- gotItTest -->
        <test-method is-config="true" signature="tearDown()[pri:0, instance:org.calender.testcases.LaunchScreenTest@3d36e4cd]" started-at="2020-09-08T07:06:59Z" name="tearDown" finished-at="2020-09-08T07:07:00Z" duration-ms="351" status="PASS">
          <reporter-output>
          </reporter-output>
        </test-method> <!-- tearDown -->
      </class> <!-- org.calender.testcases.LaunchScreenTest -->
      <class name="org.calender.testcases.CalendarEntryScreenTest">
        <test-method is-config="true" signature="init()[pri:0, instance:org.calender.testcases.CalendarEntryScreenTest@6a472554]" started-at="2020-09-08T07:06:40Z" name="init" finished-at="2020-09-08T07:06:41Z" duration-ms="186" status="PASS">
          <reporter-output>
          </reporter-output>
        </test-method> <!-- init -->
        <test-method is-config="true" signature="init()[pri:0, instance:org.calender.testcases.LaunchScreenTest@3d36e4cd]" started-at="2020-09-08T07:06:41Z" name="init" finished-at="2020-09-08T07:06:41Z" duration-ms="46" status="PASS">
          <reporter-output>
          </reporter-output>
        </test-method> <!-- init -->
        <test-method is-config="true" signature="init()[pri:0, instance:org.calender.testcases.ScheduleEventsScreenTest@7ff2a664]" started-at="2020-09-08T07:06:41Z" name="init" finished-at="2020-09-08T07:06:41Z" duration-ms="50" status="PASS">
          <reporter-output>
          </reporter-output>
        </test-method> <!-- init -->
        <test-method signature="addEventEntry()[pri:0, instance:org.calender.testcases.CalendarEntryScreenTest@6a472554]" started-at="2020-09-08T07:06:44Z" name="addEventEntry" finished-at="2020-09-08T07:06:47Z" duration-ms="3450" status="PASS">
          <reporter-output>
          </reporter-output>
        </test-method> <!-- addEventEntry -->
        <test-method signature="addEvent()[pri:0, instance:org.calender.testcases.CalendarEntryScreenTest@6a472554]" started-at="2020-09-08T07:06:47Z" name="addEvent" finished-at="2020-09-08T07:06:48Z" duration-ms="1005" status="PASS">
          <reporter-output>
          </reporter-output>
        </test-method> <!-- addEvent -->
      </class> <!-- org.calender.testcases.CalendarEntryScreenTest -->
    </test> <!-- WooliesTest -->
  </suite> <!-- Woolies Test -->
</testng-results>
